2021-06-28 08:41:04.285  10056  TL_VERBOSE  Microsoft::Teams::Diagnostics::CSimpleLogger::Initialize  Exit
2021-06-28 08:41:04.285  10056  TL_INFO     CFastConnect::FinalConstruct  Logging setup completed
2021-06-28 08:41:04.286  10056  TL_INFO     CFastConnect::FinalConstruct  Exit
2021-06-28 08:41:04.287  9452  TL_INFO     CFastConnect::Initialize  Entry
2021-06-28 08:41:04.287  9452  TL_VERBOSE  CManagedComponentLoader::CManagedComponentLoader  Entry
2021-06-28 08:41:04.287  9452  TL_VERBOSE  CManagedComponentLoader::CManagedComponentLoader  Exit
2021-06-28 08:41:04.287  9452  TL_INFO     CFastConnect::Initialize  Loading CLR for entry assembly Microsoft.Teams.MeetingAddin.dll
2021-06-28 08:41:04.287  9452  TL_VERBOSE  CManagedComponentLoader::Start  Entry
2021-06-28 08:41:04.287  9452  TL_VERBOSE  CManagedComponentLoader::GetRootDirectory  Entry
2021-06-28 08:41:04.287  9452  TL_VERBOSE  CManagedComponentLoader::GetRootDirectory  Exit
2021-06-28 08:41:04.289  10056  TL_INFO     CFastConnect::OnConnection  Entry
2021-06-28 08:41:04.289  10056  TL_INFO     CFastConnect::OnConnection  16.0.0.13929
2021-06-28 08:41:04.289  10056  TL_INFO     CFastConnect::OnConnection  get_version succeeded
2021-06-28 08:41:04.289  10056  TL_ERROR    CFastConnect::OnConnection  Expr (m_spInner != nullptr) failed. Returning (S_FALSE). Message (Inner object is not available yet)
2021-06-28 08:41:04.289  10056  TL_INFO     CFastConnect::OnConnection  Exit
2021-06-28 08:41:04.289  10056  TL_VERBOSE  CFastConnect::OnAddInsUpdate  Entry
2021-06-28 08:41:04.289  10056  TL_ERROR    CFastConnect::OnAddInsUpdate  Expr (m_spInner != nullptr) failed. Returning (S_FALSE). Message (Inner object is not available yet)
2021-06-28 08:41:04.289  10056  TL_VERBOSE  CFastConnect::OnAddInsUpdate  Exit
2021-06-28 08:41:04.291  9452  TL_INFO     CManagedComponentLoader::Start  Microsoft.Teams.MeetingAddin.dll requires Runtime version v4.0.30319
2021-06-28 08:41:04.306  10056  TL_VERBOSE  CFastConnect::OnAddInsUpdate  Entry
2021-06-28 08:41:04.306  10056  TL_ERROR    CFastConnect::OnAddInsUpdate  Expr (m_spInner != nullptr) failed. Returning (S_FALSE). Message (Inner object is not available yet)
2021-06-28 08:41:04.306  10056  TL_VERBOSE  CFastConnect::OnAddInsUpdate  Exit
2021-06-28 08:41:04.319  10056  TL_VERBOSE  CFastConnect::OnAddInsUpdate  Entry
2021-06-28 08:41:04.319  10056  TL_ERROR    CFastConnect::OnAddInsUpdate  Expr (m_spInner != nullptr) failed. Returning (S_FALSE). Message (Inner object is not available yet)
2021-06-28 08:41:04.319  10056  TL_VERBOSE  CFastConnect::OnAddInsUpdate  Exit
2021-06-28 08:41:04.321  9452  TL_VERBOSE  CManagedComponentLoader::Start  Exit
2021-06-28 08:41:04.321  9452  TL_INFO     CFastConnect::Initialize  Create new AppDomain with Friendly name: TeamsMeetingAddinDomain
2021-06-28 08:41:04.321  9452  TL_VERBOSE  CManagedComponentLoader::CreateAppDomain  Entry
2021-06-28 08:41:04.324  9452  TL_VERBOSE  CManagedComponentLoader::GetRootDirectory  Entry
2021-06-28 08:41:04.324  9452  TL_VERBOSE  CManagedComponentLoader::GetRootDirectory  Exit
2021-06-28 08:41:04.324  9452  TL_INFO     CManagedComponentLoader::CreateAppDomain  Looking for *.config in app folder
2021-06-28 08:41:04.324  9452  TL_VERBOSE  CManagedComponentLoader::CreateAppDomain  Config file Microsoft.Teams.MeetingAddin.dll.config set on the AppDomainSetup
2021-06-28 08:41:04.325  10056  TL_INFO     CFastConnect::OnStartupComplete  Entry
2021-06-28 08:41:04.325  10056  TL_ERROR    CFastConnect::OnStartupComplete  Expr (m_spInner != nullptr) failed. Returning (S_FALSE). Message (Inner object is not available yet)
2021-06-28 08:41:04.325  10056  TL_INFO     CFastConnect::OnStartupComplete  Exit
2021-06-28 08:41:04.333  9452  TL_VERBOSE  CManagedComponentLoader::CreateAppDomain  Exit
2021-06-28 08:41:04.333  9452  TL_INFO     CFastConnect::Initialize  Setting up Aggregation for Entry assembly Microsoft.Teams.MeetingAddin.dll and Entry type ManagedHelpers.Bootstrapper
2021-06-28 08:41:04.333  9452  TL_VERBOSE  CManagedComponentLoader::SetupAggregator  Entry
2021-06-28 08:41:04.333  9452  TL_VERBOSE  CManagedComponentLoader::GetRootDirectory  Entry
2021-06-28 08:41:04.333  9452  TL_VERBOSE  CManagedComponentLoader::GetRootDirectory  Exit
2021-06-28 08:41:04.334  9452  TL_VERBOSE  CManagedComponentLoader::GetLoadedAssembly  Entry
2021-06-28 08:41:04.335  9452  TL_VERBOSE  CManagedComponentLoader::GetLoadedAssembly  Exit
2021-06-28 08:41:04.356  9452  TL_INFO     CManagedComponentLoader::SetupAggregator  Calling managed bootstapper code to aggregate
2021-06-28 08:41:04.491  9452  TL_INFO     CFastConnect::SetInner  Entry
2021-06-28 08:41:04.491  9452  TL_INFO     CFastConnect::SetInner  Exit
2021-06-28 08:41:04.491  9452  TL_INFO     CFastConnect::SetRibbon  Entry
2021-06-28 08:41:04.491  9452  TL_INFO     CFastConnect::SetRibbon  Exit
2021-06-28 08:41:04.492  9452  TL_VERBOSE  CManagedComponentLoader::SetupAggregator  Exit
2021-06-28 08:41:04.494  9452  TL_INFO     CFastConnect::Initialize  Exit
2021-06-28 08:41:04.494  9452  TL_INFO     CFastConnect::ThreadProc  Posting WM_INITIALIZE_COMPLETED onto the main thread
2021-06-28 08:41:04.562  10056  TL_INFO     CFastConnect::OnInitializeCompleted  Entry
2021-06-28 08:41:04.562  10056  TL_INFO     CFastConnect::OnConnection  Entry
2021-06-28 08:41:04.562  10056  TL_INFO     CFastConnect::OnConnection  16.0.0.13929
2021-06-28 08:41:04.562  10056  TL_INFO     CFastConnect::OnConnection  get_version succeeded
2021-06-28 08:41:04.562  10056  TL_INFO     CFastConnect::ConnectInternal  Entry
2021-06-28 08:41:04.562  10056  TL_INFO     CFastConnect::ConnectInternal  Registering for Events on the application
2021-06-28 08:41:04.563  10056  TL_VERBOSE  CFastConnect::PopulateAdditionalArguments  Entry
2021-06-28 08:41:04.563  10056  TL_VERBOSE  CFastConnect::PopulateAdditionalArguments  Exit
2021-06-28 08:41:04.563  10056  TL_INFO     CFastConnect::ConnectInternal  Redirecting to inner object with ConnectMode: 1
2021-06-28 08:41:04.742  10056  TL_INFO     CFastConnect::ConnectInternal  Exit
2021-06-28 08:41:04.742  10056  TL_INFO     CFastConnect::OnConnection  Exit
2021-06-28 08:41:04.742  10056  TL_INFO     CFastConnect::OnInitializeCompleted  Exit
2021-06-28 08:41:04.959  10056  TL_INFO     CFastConnect::GetCustomUI  Entry
2021-06-28 08:41:04.959  10056  TL_INFO     CFastConnect::GetCustomUI  Exit
2021-06-28 08:41:04.967  10056  TL_INFO     CFastConnect::Ribbon_Load  Entry
2021-06-28 08:41:04.967  10056  TL_INFO     CFastConnect::Ribbon_Load  Storing ribbon for local use
2021-06-28 08:41:04.968  10056  TL_INFO     CFastConnect::Ribbon_Load  Exit
2021-06-28 08:41:20.191  10056  TL_INFO     CFastConnect::GetCustomUI  Entry
2021-06-28 08:41:20.191  10056  TL_INFO     CFastConnect::GetCustomUI  Microsoft.Outlook.Mail.Compose is not of interest to us. Return
2021-06-28 08:41:20.191  10056  TL_INFO     CFastConnect::GetCustomUI  Exit
